<?xml version="1.0" encoding="UTF-8"?>
<!-- Generated by org.testng.reporters.JUnitReportReporter -->
<testsuite hostname="LAPTOP-2GUJPCJO" failures="0" tests="2" name="com.nopcommerce.testCases.TC_LoginTest_001" time="22.674" errors="0" timestamp="2021-07-25T00:08:42 IST" skipped="0">
  <testcase classname="com.nopcommerce.testCases.TC_LoginTest_001" name="loginTest" time="11.495"/>
  <system-out/>
  <testcase classname="com.nopcommerce.testCases.TC_LoginTest_001" name="loginTest" time="11.179"/>
  <system-out/>
</testsuite> <!-- com.nopcommerce.testCases.TC_LoginTest_001 -->
